<?xml version="1.0" encoding="utf-8"?><testsuites name="pytest tests"><testsuite name="pytest" errors="0" failures="0" skipped="0" tests="15" time="7.799" timestamp="2026-04-20T10:58:45.874549+00:00" hostname="agent-env-6dc43137-5700-41dc-afe3-5e7fc454e8d0"><testcase classname="backend.tests.backend_test.TestStats" name="test_stats_shape" time="0.216" /><testcase classname="backend.tests.backend_test.TestQueriesCRUD" name="test_create_query" time="0.050" /><testcase classname="backend.tests.backend_test.TestQueriesCRUD" name="test_list_queries_contains_created" time="0.046" /><testcase classname="backend.tests.backend_test.TestQueriesCRUD" name="test_get_query" time="0.057" /><testcase classname="backend.tests.backend_test.TestQueriesCRUD" name="test_get_query_404" time="0.050" /><testcase classname="backend.tests.backend_test.TestQueriesCRUD" name="test_patch_query" time="0.095" /><testcase classname="backend.tests.backend_test.TestRunAndDiscoveries" name="test_run_now_triggers_successful_run" time="4.180" /><testcase classname="backend.tests.backend_test.TestRunAndDiscoveries" name="test_discoveries_after_run" time="0.042" /><testcase classname="backend.tests.backend_test.TestRunAndDiscoveries" name="test_validation_filter_and_keywords" time="0.042" /><testcase classname="backend.tests.backend_test.TestRunAndDiscoveries" name="test_patch_discovery_validated" time="0.127" /><testcase classname="backend.tests.backend_test.TestRunAndDiscoveries" name="test_patch_discovery_ignored" time="0.049" /><testcase classname="backend.tests.backend_test.TestRunAndDiscoveries" name="test_dedup_on_second_run" time="2.219" /><testcase classname="backend.tests.backend_test.TestRuns" name="test_list_runs_for_query" time="0.045" /><testcase classname="backend.tests.backend_test.TestCascadeDelete" name="test_delete_query_cascades" time="0.381" /><testcase classname="backend.tests.backend_test.TestCascadeDelete" name="test_delete_nonexistent_returns_404" time="0.044" /></testsuite></testsuites>